<?xml version="1.0" encoding="UTF-8"?>
<testsuite xmlns:xsi="http://www.w3.org/2001/XMLSchema-instance" xsi:noNamespaceSchemaLocation="https://maven.apache.org/surefire/maven-surefire-plugin/xsd/surefire-test-report.xsd" name="ThreeCardTest" time="0.264" tests="80" errors="0" skipped="0" failures="0">
  <properties>
    <property name="sun.desktop" value="windows"/>
    <property name="awt.toolkit" value="sun.awt.windows.WToolkit"/>
    <property name="file.encoding.pkg" value="sun.io"/>
    <property name="java.specification.version" value="1.8"/>
    <property name="sun.cpu.isalist" value="amd64"/>
    <property name="sun.jnu.encoding" value="MS932"/>
    <property name="java.class.path" value="C:\Users\chris\OneDrive\Documents\UIC\3rd Semester\CS 342\ThreeCardPoker_Project2_Sp2020\target\test-classes;C:\Users\chris\OneDrive\Documents\UIC\3rd Semester\CS 342\ThreeCardPoker_Project2_Sp2020\target\classes;C:\Users\chris\.m2\repository\org\junit\jupiter\junit-jupiter-api\5.4.2\junit-jupiter-api-5.4.2.jar;C:\Users\chris\.m2\repository\org\apiguardian\apiguardian-api\1.0.0\apiguardian-api-1.0.0.jar;C:\Users\chris\.m2\repository\org\opentest4j\opentest4j\1.1.1\opentest4j-1.1.1.jar;C:\Users\chris\.m2\repository\org\junit\platform\junit-platform-commons\1.4.2\junit-platform-commons-1.4.2.jar;C:\Users\chris\.m2\repository\org\junit\jupiter\junit-jupiter-engine\5.4.2\junit-jupiter-engine-5.4.2.jar;C:\Users\chris\.m2\repository\org\junit\platform\junit-platform-engine\1.4.2\junit-platform-engine-1.4.2.jar;C:\Users\chris\.m2\repository\org\junit\jupiter\junit-jupiter-params\5.4.2\junit-jupiter-params-5.4.2.jar;C:\Users\chris\.m2\repository\org\openjfx\javafx-controls\12.0.1\javafx-controls-12.0.1.jar;C:\Users\chris\.m2\repository\org\openjfx\javafx-controls\12.0.1\javafx-controls-12.0.1-win.jar;C:\Users\chris\.m2\repository\org\openjfx\javafx-graphics\12.0.1\javafx-graphics-12.0.1.jar;C:\Users\chris\.m2\repository\org\openjfx\javafx-graphics\12.0.1\javafx-graphics-12.0.1-win.jar;C:\Users\chris\.m2\repository\org\openjfx\javafx-base\12.0.1\javafx-base-12.0.1.jar;C:\Users\chris\.m2\repository\org\openjfx\javafx-base\12.0.1\javafx-base-12.0.1-win.jar;C:\Users\chris\.m2\repository\org\openjfx\javafx-fxml\12\javafx-fxml-12.jar;C:\Users\chris\.m2\repository\org\openjfx\javafx-fxml\12\javafx-fxml-12-win.jar;"/>
    <property name="java.vm.vendor" value="Oracle Corporation"/>
    <property name="sun.arch.data.model" value="64"/>
    <property name="user.variant" value=""/>
    <property name="java.vendor.url" value="http://java.oracle.com/"/>
    <property name="user.timezone" value="America/Chicago"/>
    <property name="java.vm.specification.version" value="1.8"/>
    <property name="os.name" value="Windows 10"/>
    <property name="user.country" value="US"/>
    <property name="sun.java.launcher" value="SUN_STANDARD"/>
    <property name="sun.boot.library.path" value="C:\Program Files\Java\jdk1.8.0_241\jre\bin"/>
    <property name="sun.java.command" value="C:\Users\chris\AppData\Local\Temp\surefire831078201025313411\surefirebooter7795924623607468442.jar C:\Users\chris\AppData\Local\Temp\surefire831078201025313411 2020-03-08T23-15-49_381-jvmRun1 surefire4394205448083341676tmp surefire_08354722602073597285tmp"/>
    <property name="surefire.test.class.path" value="C:\Users\chris\OneDrive\Documents\UIC\3rd Semester\CS 342\ThreeCardPoker_Project2_Sp2020\target\test-classes;C:\Users\chris\OneDrive\Documents\UIC\3rd Semester\CS 342\ThreeCardPoker_Project2_Sp2020\target\classes;C:\Users\chris\.m2\repository\org\junit\jupiter\junit-jupiter-api\5.4.2\junit-jupiter-api-5.4.2.jar;C:\Users\chris\.m2\repository\org\apiguardian\apiguardian-api\1.0.0\apiguardian-api-1.0.0.jar;C:\Users\chris\.m2\repository\org\opentest4j\opentest4j\1.1.1\opentest4j-1.1.1.jar;C:\Users\chris\.m2\repository\org\junit\platform\junit-platform-commons\1.4.2\junit-platform-commons-1.4.2.jar;C:\Users\chris\.m2\repository\org\junit\jupiter\junit-jupiter-engine\5.4.2\junit-jupiter-engine-5.4.2.jar;C:\Users\chris\.m2\repository\org\junit\platform\junit-platform-engine\1.4.2\junit-platform-engine-1.4.2.jar;C:\Users\chris\.m2\repository\org\junit\jupiter\junit-jupiter-params\5.4.2\junit-jupiter-params-5.4.2.jar;C:\Users\chris\.m2\repository\org\openjfx\javafx-controls\12.0.1\javafx-controls-12.0.1.jar;C:\Users\chris\.m2\repository\org\openjfx\javafx-controls\12.0.1\javafx-controls-12.0.1-win.jar;C:\Users\chris\.m2\repository\org\openjfx\javafx-graphics\12.0.1\javafx-graphics-12.0.1.jar;C:\Users\chris\.m2\repository\org\openjfx\javafx-graphics\12.0.1\javafx-graphics-12.0.1-win.jar;C:\Users\chris\.m2\repository\org\openjfx\javafx-base\12.0.1\javafx-base-12.0.1.jar;C:\Users\chris\.m2\repository\org\openjfx\javafx-base\12.0.1\javafx-base-12.0.1-win.jar;C:\Users\chris\.m2\repository\org\openjfx\javafx-fxml\12\javafx-fxml-12.jar;C:\Users\chris\.m2\repository\org\openjfx\javafx-fxml\12\javafx-fxml-12-win.jar;"/>
    <property name="sun.cpu.endian" value="little"/>
    <property name="user.home" value="C:\Users\chris"/>
    <property name="user.language" value="en"/>
    <property name="java.specification.vendor" value="Oracle Corporation"/>
    <property name="java.home" value="C:\Program Files\Java\jdk1.8.0_241\jre"/>
    <property name="basedir" value="C:\Users\chris\OneDrive\Documents\UIC\3rd Semester\CS 342\ThreeCardPoker_Project2_Sp2020"/>
    <property name="file.separator" value="\"/>
    <property name="line.separator" value="&#10;"/>
    <property name="java.vm.specification.vendor" value="Oracle Corporation"/>
    <property name="java.specification.name" value="Java Platform API Specification"/>
    <property name="java.awt.graphicsenv" value="sun.awt.Win32GraphicsEnvironment"/>
    <property name="surefire.real.class.path" value="C:\Users\chris\AppData\Local\Temp\surefire831078201025313411\surefirebooter7795924623607468442.jar"/>
    <property name="sun.boot.class.path" value="C:\Program Files\Java\jdk1.8.0_241\jre\lib\resources.jar;C:\Program Files\Java\jdk1.8.0_241\jre\lib\rt.jar;C:\Program Files\Java\jdk1.8.0_241\jre\lib\sunrsasign.jar;C:\Program Files\Java\jdk1.8.0_241\jre\lib\jsse.jar;C:\Program Files\Java\jdk1.8.0_241\jre\lib\jce.jar;C:\Program Files\Java\jdk1.8.0_241\jre\lib\charsets.jar;C:\Program Files\Java\jdk1.8.0_241\jre\lib\jfr.jar;C:\Program Files\Java\jdk1.8.0_241\jre\classes"/>
    <property name="user.script" value=""/>
    <property name="sun.management.compiler" value="HotSpot 64-Bit Tiered Compilers"/>
    <property name="java.runtime.version" value="1.8.0_241-b07"/>
    <property name="user.name" value="chris"/>
    <property name="path.separator" value=";"/>
    <property name="os.version" value="10.0"/>
    <property name="java.endorsed.dirs" value="C:\Program Files\Java\jdk1.8.0_241\jre\lib\endorsed"/>
    <property name="java.runtime.name" value="Java(TM) SE Runtime Environment"/>
    <property name="file.encoding" value="MS932"/>
    <property name="java.vm.name" value="Java HotSpot(TM) 64-Bit Server VM"/>
    <property name="localRepository" value="C:\Users\chris\.m2\repository"/>
    <property name="java.vendor.url.bug" value="http://bugreport.sun.com/bugreport/"/>
    <property name="java.io.tmpdir" value="C:\Users\chris\AppData\Local\Temp\"/>
    <property name="java.version" value="1.8.0_241"/>
    <property name="user.dir" value="C:\Users\chris\OneDrive\Documents\UIC\3rd Semester\CS 342\ThreeCardPoker_Project2_Sp2020"/>
    <property name="os.arch" value="amd64"/>
    <property name="java.vm.specification.name" value="Java Virtual Machine Specification"/>
    <property name="java.awt.printerjob" value="sun.awt.windows.WPrinterJob"/>
    <property name="sun.os.patch.level" value=""/>
    <property name="java.library.path" value="C:\Program Files\Java\jdk1.8.0_241\jre\bin;C:\WINDOWS\Sun\Java\bin;C:\WINDOWS\system32;C:\WINDOWS;C:/Program Files/Java/jre1.8.0_241/bin/server;C:/Program Files/Java/jre1.8.0_241/bin;C:/Program Files/Java/jre1.8.0_241/lib/amd64;C:\Program Files (x86)\Common Files\Oracle\Java\javapath;C:\Program Files (x86)\NVIDIA Corporation\PhysX\Common;C:\WINDOWS\system32;C:\WINDOWS;C:\WINDOWS\System32\Wbem;C:\WINDOWS\System32\WindowsPowerShell\v1.0\;C:\Program Files\PuTTY\;C:\WINDOWS\System32\OpenSSH\;&quot;C:\Program Files\Java\jdk1.8.0_241\bin;&quot;;C:\Program Files\Java\apache-maven-3.6.3\bin;C:\Program Files\dotnet\;C:\Program Files\Intel\WiFi\bin\;C:\Program Files\Common Files\Intel\WirelessCommon\;C:\Program Files (x86)\Intel\Intel(R) Management Engine Components\DAL;C:\Program Files\Intel\Intel(R) Management Engine Components\DAL;C:\Users\chris\AppData\Local\Microsoft\WindowsApps;;C:\Users\chris\.dotnet\tools;C:\Users\chris\Desktop;;."/>
    <property name="java.vm.info" value="mixed mode"/>
    <property name="java.vendor" value="Oracle Corporation"/>
    <property name="java.vm.version" value="25.241-b07"/>
    <property name="java.ext.dirs" value="C:\Program Files\Java\jdk1.8.0_241\jre\lib\ext;C:\WINDOWS\Sun\Java\lib\ext"/>
    <property name="sun.io.unicode.encoding" value="UnicodeLittle"/>
    <property name="java.class.version" value="52.0"/>
  </properties>
  <testcase name="flushTie" classname="ThreeCardTest" time="0.004"/>
  <testcase name="dealerWinChris2" classname="ThreeCardTest" time="0"/>
  <testcase name="playerWin" classname="ThreeCardTest" time="0.001"/>
  <testcase name="testQueenHigh{int}[1]" classname="ThreeCardTest" time="0.001"/>
  <testcase name="testQueenHigh{int}[2]" classname="ThreeCardTest" time="0.001"/>
  <testcase name="testQueenHigh{int}[3]" classname="ThreeCardTest" time="0.001"/>
  <testcase name="testQueenHigh{int}[4]" classname="ThreeCardTest" time="0.001"/>
  <testcase name="testQueenHigh{int}[5]" classname="ThreeCardTest" time="0.001"/>
  <testcase name="testQueenHigh{int}[6]" classname="ThreeCardTest" time="0.001"/>
  <testcase name="testQueenHigh{int}[7]" classname="ThreeCardTest" time="0.001"/>
  <testcase name="test3KW{int}[1]" classname="ThreeCardTest" time="0"/>
  <testcase name="test3KW{int}[2]" classname="ThreeCardTest" time="0.002"/>
  <testcase name="test3KW{int}[3]" classname="ThreeCardTest" time="0"/>
  <testcase name="test3KW{int}[4]" classname="ThreeCardTest" time="0.005"/>
  <testcase name="test3KW{int}[5]" classname="ThreeCardTest" time="0.001"/>
  <testcase name="test3KW{int}[6]" classname="ThreeCardTest" time="0.004"/>
  <testcase name="test3KW{int}[7]" classname="ThreeCardTest" time="0.001"/>
  <testcase name="test3KW{int}[8]" classname="ThreeCardTest" time="0.003"/>
  <testcase name="test3KW{int}[9]" classname="ThreeCardTest" time="0.001"/>
  <testcase name="test3KW{int}[10]" classname="ThreeCardTest" time="0.002"/>
  <testcase name="test3KW{int}[11]" classname="ThreeCardTest" time="0.002"/>
  <testcase name="test3KW{int}[12]" classname="ThreeCardTest" time="0.001"/>
  <testcase name="test3KW{int}[13]" classname="ThreeCardTest" time="0.002"/>
  <testcase name="testSFW{char}[1]" classname="ThreeCardTest" time="0.001"/>
  <testcase name="testSFW{char}[2]" classname="ThreeCardTest" time="0.001"/>
  <testcase name="testSFW{char}[3]" classname="ThreeCardTest" time="0.001"/>
  <testcase name="testSFW{char}[4]" classname="ThreeCardTest" time="0.001"/>
  <testcase name="dealerWin" classname="ThreeCardTest" time="0.004"/>
  <testcase name="testHighW" classname="ThreeCardTest" time="0.001"/>
  <testcase name="testPair1" classname="ThreeCardTest" time="0"/>
  <testcase name="testPair2" classname="ThreeCardTest" time="0"/>
  <testcase name="testHigh" classname="ThreeCardTest" time="0"/>
  <testcase name="testStraight1W" classname="ThreeCardTest" time="0"/>
  <testcase name="testStraight2W" classname="ThreeCardTest" time="0"/>
  <testcase name="test3K{int}[1]" classname="ThreeCardTest" time="0.001"/>
  <testcase name="test3K{int}[2]" classname="ThreeCardTest" time="0"/>
  <testcase name="test3K{int}[3]" classname="ThreeCardTest" time="0.001"/>
  <testcase name="test3K{int}[4]" classname="ThreeCardTest" time="0"/>
  <testcase name="test3K{int}[5]" classname="ThreeCardTest" time="0"/>
  <testcase name="test3K{int}[6]" classname="ThreeCardTest" time="0"/>
  <testcase name="test3K{int}[7]" classname="ThreeCardTest" time="0.001"/>
  <testcase name="test3K{int}[8]" classname="ThreeCardTest" time="0.001"/>
  <testcase name="test3K{int}[9]" classname="ThreeCardTest" time="0.001"/>
  <testcase name="test3K{int}[10]" classname="ThreeCardTest" time="0"/>
  <testcase name="test3K{int}[11]" classname="ThreeCardTest" time="0.002"/>
  <testcase name="test3K{int}[12]" classname="ThreeCardTest" time="0.007"/>
  <testcase name="test3K{int}[13]" classname="ThreeCardTest" time="0.001"/>
  <testcase name="testFW{char}[1]" classname="ThreeCardTest" time="0.001"/>
  <testcase name="testFW{char}[2]" classname="ThreeCardTest" time="0.001"/>
  <testcase name="testFW{char}[3]" classname="ThreeCardTest" time="0.001"/>
  <testcase name="testFW{char}[4]" classname="ThreeCardTest" time="0"/>
  <testcase name="testSF{char}[1]" classname="ThreeCardTest" time="0.001"/>
  <testcase name="testSF{char}[2]" classname="ThreeCardTest" time="0.001"/>
  <testcase name="testSF{char}[3]" classname="ThreeCardTest" time="0"/>
  <testcase name="testSF{char}[4]" classname="ThreeCardTest" time="0"/>
  <testcase name="pairTie" classname="ThreeCardTest" time="0"/>
  <testcase name="straightFlushTie" classname="ThreeCardTest" time="0"/>
  <testcase name="testF{char}[1]" classname="ThreeCardTest" time="0.001"/>
  <testcase name="testF{char}[2]" classname="ThreeCardTest" time="0"/>
  <testcase name="testF{char}[3]" classname="ThreeCardTest" time="0"/>
  <testcase name="testF{char}[4]" classname="ThreeCardTest" time="0.001"/>
  <testcase name="highCardTie" classname="ThreeCardTest" time="0.001"/>
  <testcase name="testStraight1" classname="ThreeCardTest" time="0"/>
  <testcase name="testStraight2" classname="ThreeCardTest" time="0"/>
  <testcase name="dealerWinChris" classname="ThreeCardTest" time="0"/>
  <testcase name="dealerWin1" classname="ThreeCardTest" time="0"/>
  <testcase name="dealerWin2" classname="ThreeCardTest" time="0"/>
  <testcase name="dealerWin3" classname="ThreeCardTest" time="0"/>
  <testcase name="dealerWin4" classname="ThreeCardTest" time="0"/>
  <testcase name="dealerWin5" classname="ThreeCardTest" time="0.001"/>
  <testcase name="dealerWin6" classname="ThreeCardTest" time="0.001"/>
  <testcase name="straightTie" classname="ThreeCardTest" time="0"/>
  <testcase name="testPair1W" classname="ThreeCardTest" time="0"/>
  <testcase name="testPair2W" classname="ThreeCardTest" time="0.001"/>
  <testcase name="playerWin1" classname="ThreeCardTest" time="0.001"/>
  <testcase name="playerWin2" classname="ThreeCardTest" time="0"/>
  <testcase name="playerWin3" classname="ThreeCardTest" time="0"/>
  <testcase name="playerWin4" classname="ThreeCardTest" time="0"/>
  <testcase name="playerWin5" classname="ThreeCardTest" time="0.001"/>
  <testcase name="playerWin6" classname="ThreeCardTest" time="0.001"/>
</testsuite>